<?xml version="1.0" encoding="UTF-8"?>
<testsuite name="com.analoganchor.offlinechallenge.TokenDecoderTest" tests="10" skipped="0" failures="0" errors="0" timestamp="2026-07-14T08:27:26.036Z" hostname="DESKTOP-Q0U1722" time="0.215">
  <properties/>
  <testcase name="PinVault verify works" classname="com.analoganchor.offlinechallenge.TokenDecoderTest" time="0.056"/>
  <testcase name="token with unicode dashes still decodes" classname="com.analoganchor.offlinechallenge.TokenDecoderTest" time="0.091"/>
  <testcase name="invalid checksum is rejected" classname="com.analoganchor.offlinechallenge.TokenDecoderTest" time="0.011"/>
  <testcase name="token with injected spaces still decodes" classname="com.analoganchor.offlinechallenge.TokenDecoderTest" time="0.004"/>
  <testcase name="decode request 1 token with PIN 5222" classname="com.analoganchor.offlinechallenge.TokenDecoderTest" time="0.004"/>
  <testcase name="decode request 2 token with PIN 2555" classname="com.analoganchor.offlinechallenge.TokenDecoderTest" time="0.003"/>
  <testcase name="decode request 3 token with PIN 3555" classname="com.analoganchor.offlinechallenge.TokenDecoderTest" time="0.005"/>
  <testcase name="legacy token format decodes correctly" classname="com.analoganchor.offlinechallenge.TokenDecoderTest" time="0.014"/>
  <testcase name="PinVault returns correct PINs" classname="com.analoganchor.offlinechallenge.TokenDecoderTest" time="0.002"/>
  <testcase name="token with injected commas still decodes" classname="com.analoganchor.offlinechallenge.TokenDecoderTest" time="0.007"/>
  <system-out><![CDATA[]]></system-out>
  <system-err><![CDATA[]]></system-err>
</testsuite>
